16:43:03 11/06/12 geso [info] logged sergio.belli
16:43:41 11/06/12 geso [info] logged sergio.belli
19:06:27 11/06/12 geso [info] logged danilo.belli
11:53:34 11/09/12 geso [info] logged sergio.belli
14:26:49 11/09/12 geso [info] logged sergio.belli
15:17:08 11/09/12 geso [info] logged sergio.belli
20:29:08 11/09/12 geso [info] logged danilo.belli
20:39:58 11/09/12 geso [info] logged danilo.belli
10:13:57 11/10/12 geso [info] logged danilo.belli
15:47:02 11/10/12 geso [info] login done by sergio.belli
15:47:02 11/10/12 geso [info] login done by sergio.belli
15:50:46 11/10/12 geso [info] login done by sergio.belli
15:50:46 11/10/12 geso [info] login done by sergio.belli
15:53:21 11/10/12 geso [info] login done by sergio.belli
15:53:21 11/10/12 geso [info] login done by sergio.belli
15:55:25 11/10/12 geso [info] login done by sergio.belli
15:55:25 11/10/12 geso [info] login done by sergio.belli
16:01:54 11/10/12 geso [info] login done by sergio.belli
16:01:54 11/10/12 geso [info] login done by sergio.belli
19:16:50 11/10/12 geso [info] login done by danilo.belli
19:16:50 11/10/12 geso [info] login failed by danilo.belli
19:16:57 11/10/12 geso [info] login done by danilo.belli
19:16:57 11/10/12 geso [info] login failed by danilo.belli
19:17:39 11/10/12 geso [info] login done by danilo.belli
19:17:39 11/10/12 geso [info] login failed by danilo.belli
19:24:13 11/10/12 geso [info] login done by danilo.belli
19:24:13 11/10/12 geso [info] login done by danilo.belli
19:28:22 11/10/12 geso [info] login done by danilo.belli
19:28:22 11/10/12 geso [info] login done by danilo.belli
20:40:27 11/10/12 geso [info] login done by danilo.belli
20:40:27 11/10/12 geso [info] login done by danilo.belli
09:46:01 11/11/12 geso [info] login done by danilo.belli
09:46:01 11/11/12 geso [info] login done by danilo.belli
11:36:57 11/11/12 geso [info] login done by sergio.belli
11:36:57 11/11/12 geso [info] login done by sergio.belli
12:13:00 11/11/12 geso [info] login done by sergio.belli
12:13:03 11/11/12 geso [info] login done by sergio.belli
13:27:17 11/11/12 geso [info] login done by danilo.belli
13:27:17 11/11/12 geso [info] login done by danilo.belli
14:11:05 11/11/12 geso [info] login done by danilo.belli
14:11:05 11/11/12 geso [info] login done by danilo.belli
14:18:36 11/11/12 geso [info] login done by danilo.belli
14:18:36 11/11/12 geso [info] login done by danilo.belli
14:19:54 11/11/12 geso [info] login done by danilo.belli
14:19:54 11/11/12 geso [info] login done by danilo.belli
15:42:10 11/11/12 geso [info] login done by danilo.belli
15:42:10 11/11/12 geso [info] login done by danilo.belli
16:15:35 11/11/12 geso [info] login done by danilo.belli
16:15:35 11/11/12 geso [info] login done by danilo.belli
08:28:37 11/12/12 geso [info] login done by sergio.belli
08:28:38 11/12/12 geso [info] login done by sergio.belli
08:34:49 11/12/12 geso [info] login done by sergio.belli
08:34:49 11/12/12 geso [info] login done by sergio.belli
08:36:13 11/12/12 geso [info] login done by sergio.belli
08:36:13 11/12/12 geso [info] login done by sergio.belli
09:20:46 11/12/12 geso [info] login done by sergio.belli
09:20:46 11/12/12 geso [info] login done by sergio.belli
11:30:41 11/12/12 geso [info] login done by sergio.belli
11:30:41 11/12/12 geso [info] login done by sergio.belli
14:07:50 11/12/12 geso [info] login done by sergio.belli
14:07:50 11/12/12 geso [info] login done by sergio.belli
20:23:58 11/12/12 geso [info] login done by danilo.belli
20:23:58 11/12/12 geso [info] login done by danilo.belli
23:37:10 11/12/12 geso [info] login done by danilo.belli
23:37:10 11/12/12 geso [info] login done by danilo.belli
23:48:15 11/12/12 geso [info] login done by danilo.belli
23:48:15 11/12/12 geso [info] login done by danilo.belli
08:27:26 11/13/12 geso [info] login done by sergio.belli
08:27:26 11/13/12 geso [info] login done by sergio.belli
13:31:33 11/13/12 geso [info] login done by sergio.belli
13:31:33 11/13/12 geso [info] login done by sergio.belli
17:43:30 11/13/12 geso [info] login done by danilo.belli
17:43:30 11/13/12 geso [info] login done by danilo.belli
10:02:53 11/14/12 geso [info] login done by sergio.belli
10:02:53 11/14/12 geso [info] login done by sergio.belli
16:58:35 11/14/12 geso [info] login done by danilo.belli
16:58:35 11/14/12 geso [info] login done by danilo.belli
17:41:04 11/14/12 geso [info] login done by danilo.belli
17:41:04 11/14/12 geso [info] login done by danilo.belli
17:58:32 11/14/12 geso [info] login done by sergio.belli
17:58:32 11/14/12 geso [info] login done by sergio.belli
08:22:23 11/15/12 geso [info] login done by sergio.belli
08:22:23 11/15/12 geso [info] login done by sergio.belli
16:48:12 11/15/12 geso [info] login done by sergio.belli
16:48:12 11/15/12 geso [info] login done by sergio.belli
19:56:01 11/15/12 geso [info] login done by sergio.belli
19:56:01 11/15/12 geso [info] login done by sergio.belli
20:03:26 11/15/12 geso [info] login done by danilo.belli
20:03:26 11/15/12 geso [info] login done by danilo.belli
08:56:08 11/16/12 geso [info] login done by sergio.belli
08:56:08 11/16/12 geso [info] login done by sergio.belli
11:50:40 11/16/12 geso [info] login done by sergio.belli
11:50:40 11/16/12 geso [info] login done by sergio.belli
12:46:05 11/16/12 geso [info] login done by sergio.belli
12:46:05 11/16/12 geso [info] login done by sergio.belli
18:10:46 11/16/12 geso [info] login done by danilo.belli
18:10:46 11/16/12 geso [info] login done by danilo.belli
21:09:23 11/17/12 geso [info] login done by danilo.belli
21:09:24 11/17/12 geso [info] login done by danilo.belli
13:56:20 11/18/12 geso [info] login done by sergio.belli
13:56:20 11/18/12 geso [info] login done by sergio.belli
17:39:26 11/18/12 geso [info] login done by danilo.belli
17:39:26 11/18/12 geso [info] login done by danilo.belli
17:54:01 11/18/12 geso [info] login done by danilo.belli
17:54:01 11/18/12 geso [info] login done by danilo.belli
21:00:22 11/18/12 geso [info] login done by danilo.belli
21:00:22 11/18/12 geso [info] login done by danilo.belli
21:00:27 11/18/12 geso [info] login done by danilo.belli
21:00:27 11/18/12 geso [info] login done by danilo.belli
08:16:43 11/19/12 geso [info] login done by sergio.belli
08:16:43 11/19/12 geso [info] login done by sergio.belli
12:08:24 11/19/12 geso [info] login done by sergio.belli
12:08:24 11/19/12 geso [info] login done by sergio.belli
14:59:29 11/19/12 geso [info] login done by sergio.belli
14:59:29 11/19/12 geso [info] login done by sergio.belli
17:55:45 11/19/12 geso [info] login done by sergio.belli
17:55:45 11/19/12 geso [info] login done by sergio.belli
19:11:34 11/19/12 geso [info] login done by danilo.belli
19:11:34 11/19/12 geso [info] login done by danilo.belli
19:12:28 11/19/12 geso [info] login done by danilo.belli
19:12:28 11/19/12 geso [info] login done by danilo.belli
19:14:28 11/19/12 geso [info] login done by danilo.belli
19:14:28 11/19/12 geso [info] login done by danilo.belli
19:33:49 11/19/12 geso [info] login done by danilo.belli
19:33:49 11/19/12 geso [info] login done by danilo.belli
19:36:40 11/19/12 geso [info] login done by danilo.belli
19:36:40 11/19/12 geso [info] login done by danilo.belli
08:21:41 11/20/12 geso [info] login done by sergio.belli
08:21:41 11/20/12 geso [info] login done by sergio.belli
20:26:18 11/20/12 geso [info] login done by danilo.belli
20:26:18 11/20/12 geso [info] login done by danilo.belli
